{"C:\\Users\\Hanson\\Desktop\\CCP555\\fragmentsLabs\\fragmentsLabs\\fragments\\src\\app.js": {"path":"C:\\Users\\Hanson\\Desktop\\CCP555\\fragmentsLabs\\fragmentsLabs\\fragments\\src\\app.js","statementMap":{"0":{"start":{"line":3,"column":16},"end":{"line":3,"column":34}},"1":{"start":{"line":4,"column":13},"end":{"line":4,"column":28}},"2":{"start":{"line":5,"column":17},"end":{"line":5,"column":36}},"3":{"start":{"line":6,"column":20},"end":{"line":6,"column":42}},"4":{"start":{"line":7,"column":15},"end":{"line":7,"column":34}},"5":{"start":{"line":10,"column":12},"end":{"line":10,"column":21}},"6":{"start":{"line":13,"column":0},"end":{"line":16,"column":4}},"7":{"start":{"line":18,"column":0},"end":{"line":18,"column":43}},"8":{"start":{"line":19,"column":0},"end":{"line":19,"column":31}},"9":{"start":{"line":22,"column":0},"end":{"line":22,"column":23}},"10":{"start":{"line":35,"column":0},"end":{"line":35,"column":34}},"11":{"start":{"line":38,"column":0},"end":{"line":40,"column":3}},"12":{"start":{"line":39,"column":2},"end":{"line":39,"column":64}},"13":{"start":{"line":43,"column":0},"end":{"line":48,"column":3}},"14":{"start":{"line":44,"column":17},"end":{"line":44,"column":34}},"15":{"start":{"line":45,"column":18},"end":{"line":45,"column":60}},"16":{"start":{"line":46,"column":2},"end":{"line":46,"column":70}},"17":{"start":{"line":46,"column":20},"end":{"line":46,"column":70}},"18":{"start":{"line":47,"column":2},"end":{"line":47,"column":63}},"19":{"start":{"line":51,"column":0},"end":{"line":51,"column":21}}},"fnMap":{"0":{"name":"(anonymous_0)","decl":{"start":{"line":38,"column":8},"end":{"line":38,"column":9}},"loc":{"start":{"line":38,"column":22},"end":{"line":40,"column":1}},"line":38},"1":{"name":"(anonymous_1)","decl":{"start":{"line":43,"column":8},"end":{"line":43,"column":9}},"loc":{"start":{"line":43,"column":27},"end":{"line":48,"column":1}},"line":43}},"branchMap":{"0":{"loc":{"start":{"line":44,"column":17},"end":{"line":44,"column":34}},"type":"binary-expr","locations":[{"start":{"line":44,"column":17},"end":{"line":44,"column":27}},{"start":{"line":44,"column":31},"end":{"line":44,"column":34}}],"line":44},"1":{"loc":{"start":{"line":45,"column":18},"end":{"line":45,"column":60}},"type":"binary-expr","locations":[{"start":{"line":45,"column":18},"end":{"line":45,"column":29}},{"start":{"line":45,"column":33},"end":{"line":45,"column":60}}],"line":45},"2":{"loc":{"start":{"line":46,"column":2},"end":{"line":46,"column":70}},"type":"if","locations":[{"start":{"line":46,"column":2},"end":{"line":46,"column":70}},{"start":{},"end":{}}],"line":46}},"s":{"0":3,"1":3,"2":3,"3":3,"4":3,"5":3,"6":3,"7":3,"8":3,"9":3,"10":3,"11":3,"12":0,"13":3,"14":0,"15":0,"16":0,"17":0,"18":0,"19":3},"f":{"0":0,"1":0},"b":{"0":[0,0],"1":[0,0],"2":[0,0]},"_coverageSchema":"1a1c01bbd47fc00a2c39e90264f33305004495a9","hash":"f42172553f63fec977d4c69e8b9a488a57d7af1a"}
,"C:\\Users\\Hanson\\Desktop\\CCP555\\fragmentsLabs\\fragmentsLabs\\fragments\\src\\hash.js": {"path":"C:\\Users\\Hanson\\Desktop\\CCP555\\fragmentsLabs\\fragmentsLabs\\fragments\\src\\hash.js","statementMap":{"0":{"start":{"line":16,"column":15},"end":{"line":16,"column":32}},"1":{"start":{"line":22,"column":0},"end":{"line":22,"column":84}},"2":{"start":{"line":22,"column":28},"end":{"line":22,"column":83}}},"fnMap":{"0":{"name":"(anonymous_0)","decl":{"start":{"line":22,"column":17},"end":{"line":22,"column":18}},"loc":{"start":{"line":22,"column":28},"end":{"line":22,"column":83}},"line":22}},"branchMap":{},"s":{"0":4,"1":4,"2":20},"f":{"0":20},"b":{},"_coverageSchema":"1a1c01bbd47fc00a2c39e90264f33305004495a9","hash":"e0104d0ab3ef5856295dc1bbc41babe4eb75a79a"}
,"C:\\Users\\Hanson\\Desktop\\CCP555\\fragmentsLabs\\fragmentsLabs\\fragments\\src\\logger.js": {"path":"C:\\Users\\Hanson\\Desktop\\CCP555\\fragmentsLabs\\fragmentsLabs\\fragments\\src\\logger.js","statementMap":{"0":{"start":{"line":2,"column":16},"end":{"line":2,"column":58}},"1":{"start":{"line":5,"column":0},"end":{"line":13,"column":1}},"2":{"start":{"line":7,"column":2},"end":{"line":12,"column":4}},"3":{"start":{"line":17,"column":0},"end":{"line":17,"column":42}}},"fnMap":{},"branchMap":{"0":{"loc":{"start":{"line":2,"column":25},"end":{"line":2,"column":56}},"type":"binary-expr","locations":[{"start":{"line":2,"column":25},"end":{"line":2,"column":46}},{"start":{"line":2,"column":50},"end":{"line":2,"column":56}}],"line":2},"1":{"loc":{"start":{"line":5,"column":0},"end":{"line":13,"column":1}},"type":"if","locations":[{"start":{"line":5,"column":0},"end":{"line":13,"column":1}},{"start":{},"end":{}}],"line":5}},"s":{"0":3,"1":3,"2":0,"3":3},"f":{},"b":{"0":[3,0],"1":[0,3]},"_coverageSchema":"1a1c01bbd47fc00a2c39e90264f33305004495a9","hash":"50554d74ef8594c20b641bf5f1216f70218199bd"}
,"C:\\Users\\Hanson\\Desktop\\CCP555\\fragmentsLabs\\fragmentsLabs\\fragments\\src\\response.js": {"path":"C:\\Users\\Hanson\\Desktop\\CCP555\\fragmentsLabs\\fragmentsLabs\\fragments\\src\\response.js","statementMap":{"0":{"start":{"line":11,"column":0},"end":{"line":18,"column":2}},"1":{"start":{"line":12,"column":2},"end":{"line":17,"column":4}},"2":{"start":{"line":31,"column":0},"end":{"line":39,"column":2}},"3":{"start":{"line":32,"column":2},"end":{"line":38,"column":2}}},"fnMap":{"0":{"name":"(anonymous_0)","decl":{"start":{"line":11,"column":39},"end":{"line":11,"column":40}},"loc":{"start":{"line":11,"column":55},"end":{"line":18,"column":1}},"line":11},"1":{"name":"(anonymous_1)","decl":{"start":{"line":31,"column":37},"end":{"line":31,"column":38}},"loc":{"start":{"line":31,"column":62},"end":{"line":39,"column":1}},"line":31}},"branchMap":{},"s":{"0":4,"1":2,"2":4,"3":4},"f":{"0":2,"1":4},"b":{},"_coverageSchema":"1a1c01bbd47fc00a2c39e90264f33305004495a9","hash":"ed60bca587cdd719ece826579ec1b57ab0ded012"}
,"C:\\Users\\Hanson\\Desktop\\CCP555\\fragmentsLabs\\fragmentsLabs\\fragments\\src\\auth\\auth-middleware.js": {"path":"C:\\Users\\Hanson\\Desktop\\CCP555\\fragmentsLabs\\fragmentsLabs\\fragments\\src\\auth\\auth-middleware.js","statementMap":{"0":{"start":{"line":1,"column":17},"end":{"line":1,"column":36}},"1":{"start":{"line":3,"column":32},"end":{"line":3,"column":54}},"2":{"start":{"line":4,"column":13},"end":{"line":4,"column":31}},"3":{"start":{"line":5,"column":15},"end":{"line":5,"column":35}},"4":{"start":{"line":11,"column":0},"end":{"line":43,"column":2}},"5":{"start":{"line":12,"column":2},"end":{"line":42,"column":4}},"6":{"start":{"line":21,"column":6},"end":{"line":24,"column":7}},"7":{"start":{"line":22,"column":8},"end":{"line":22,"column":58}},"8":{"start":{"line":23,"column":8},"end":{"line":23,"column":77}},"9":{"start":{"line":27,"column":6},"end":{"line":29,"column":7}},"10":{"start":{"line":28,"column":8},"end":{"line":28,"column":78}},"11":{"start":{"line":32,"column":6},"end":{"line":32,"column":29}},"12":{"start":{"line":33,"column":6},"end":{"line":33,"column":68}},"13":{"start":{"line":36,"column":6},"end":{"line":36,"column":13}},"14":{"start":{"line":41,"column":4},"end":{"line":41,"column":86}}},"fnMap":{"0":{"name":"(anonymous_0)","decl":{"start":{"line":11,"column":17},"end":{"line":11,"column":18}},"loc":{"start":{"line":11,"column":35},"end":{"line":43,"column":1}},"line":11},"1":{"name":"(anonymous_1)","decl":{"start":{"line":12,"column":9},"end":{"line":12,"column":10}},"loc":{"start":{"line":12,"column":35},"end":{"line":42,"column":3}},"line":12},"2":{"name":"callback","decl":{"start":{"line":19,"column":13},"end":{"line":19,"column":21}},"loc":{"start":{"line":19,"column":34},"end":{"line":37,"column":5}},"line":19}},"branchMap":{"0":{"loc":{"start":{"line":21,"column":6},"end":{"line":24,"column":7}},"type":"if","locations":[{"start":{"line":21,"column":6},"end":{"line":24,"column":7}},{"start":{},"end":{}}],"line":21},"1":{"loc":{"start":{"line":27,"column":6},"end":{"line":29,"column":7}},"type":"if","locations":[{"start":{"line":27,"column":6},"end":{"line":29,"column":7}},{"start":{},"end":{}}],"line":27}},"s":{"0":3,"1":3,"2":3,"3":3,"4":3,"5":3,"6":20,"7":0,"8":0,"9":20,"10":3,"11":17,"12":17,"13":17,"14":20},"f":{"0":3,"1":20,"2":20},"b":{"0":[0,20],"1":[3,17]},"_coverageSchema":"1a1c01bbd47fc00a2c39e90264f33305004495a9","hash":"f149b162707bb99e6a9cd31fb4bea619598e2ebb"}
,"C:\\Users\\Hanson\\Desktop\\CCP555\\fragmentsLabs\\fragmentsLabs\\fragments\\src\\auth\\basic-auth.js": {"path":"C:\\Users\\Hanson\\Desktop\\CCP555\\fragmentsLabs\\fragmentsLabs\\fragments\\src\\auth\\basic-auth.js","statementMap":{"0":{"start":{"line":6,"column":13},"end":{"line":6,"column":33}},"1":{"start":{"line":8,"column":21},"end":{"line":8,"column":50}},"2":{"start":{"line":9,"column":15},"end":{"line":9,"column":35}},"3":{"start":{"line":10,"column":18},"end":{"line":10,"column":46}},"4":{"start":{"line":13,"column":0},"end":{"line":15,"column":1}},"5":{"start":{"line":14,"column":2},"end":{"line":14,"column":61}},"6":{"start":{"line":18,"column":0},"end":{"line":18,"column":46}},"7":{"start":{"line":20,"column":0},"end":{"line":27,"column":4}},"8":{"start":{"line":23,"column":2},"end":{"line":27,"column":3}},"9":{"start":{"line":29,"column":0},"end":{"line":29,"column":54}},"10":{"start":{"line":29,"column":36},"end":{"line":29,"column":53}}},"fnMap":{"0":{"name":"(anonymous_0)","decl":{"start":{"line":20,"column":26},"end":{"line":20,"column":27}},"loc":{"start":{"line":23,"column":2},"end":{"line":27,"column":3}},"line":23},"1":{"name":"(anonymous_1)","decl":{"start":{"line":29,"column":30},"end":{"line":29,"column":31}},"loc":{"start":{"line":29,"column":36},"end":{"line":29,"column":53}},"line":29}},"branchMap":{"0":{"loc":{"start":{"line":13,"column":0},"end":{"line":15,"column":1}},"type":"if","locations":[{"start":{"line":13,"column":0},"end":{"line":15,"column":1}},{"start":{},"end":{}}],"line":13}},"s":{"0":3,"1":3,"2":3,"3":3,"4":3,"5":0,"6":3,"7":3,"8":3,"9":3,"10":3},"f":{"0":3,"1":3},"b":{"0":[0,3]},"_coverageSchema":"1a1c01bbd47fc00a2c39e90264f33305004495a9","hash":"812e4ce01522c2ad2b01979b12986d8a4dc26c7b"}
,"C:\\Users\\Hanson\\Desktop\\CCP555\\fragmentsLabs\\fragmentsLabs\\fragments\\src\\auth\\index.js": {"path":"C:\\Users\\Hanson\\Desktop\\CCP555\\fragmentsLabs\\fragmentsLabs\\fragments\\src\\auth\\index.js","statementMap":{"0":{"start":{"line":7,"column":0},"end":{"line":15,"column":1}},"1":{"start":{"line":12,"column":2},"end":{"line":14,"column":4}},"2":{"start":{"line":18,"column":0},"end":{"line":28,"column":1}},"3":{"start":{"line":19,"column":2},"end":{"line":19,"column":40}},"4":{"start":{"line":22,"column":5},"end":{"line":28,"column":1}},"5":{"start":{"line":23,"column":2},"end":{"line":23,"column":43}},"6":{"start":{"line":27,"column":2},"end":{"line":27,"column":76}}},"fnMap":{},"branchMap":{"0":{"loc":{"start":{"line":7,"column":0},"end":{"line":15,"column":1}},"type":"if","locations":[{"start":{"line":7,"column":0},"end":{"line":15,"column":1}},{"start":{},"end":{}}],"line":7},"1":{"loc":{"start":{"line":8,"column":2},"end":{"line":10,"column":27}},"type":"binary-expr","locations":[{"start":{"line":8,"column":2},"end":{"line":8,"column":33}},{"start":{"line":9,"column":2},"end":{"line":9,"column":35}},{"start":{"line":10,"column":2},"end":{"line":10,"column":27}}],"line":8},"2":{"loc":{"start":{"line":18,"column":0},"end":{"line":28,"column":1}},"type":"if","locations":[{"start":{"line":18,"column":0},"end":{"line":28,"column":1}},{"start":{"line":22,"column":5},"end":{"line":28,"column":1}}],"line":18},"3":{"loc":{"start":{"line":18,"column":4},"end":{"line":18,"column":72}},"type":"binary-expr","locations":[{"start":{"line":18,"column":4},"end":{"line":18,"column":35}},{"start":{"line":18,"column":39},"end":{"line":18,"column":72}}],"line":18},"4":{"loc":{"start":{"line":22,"column":5},"end":{"line":28,"column":1}},"type":"if","locations":[{"start":{"line":22,"column":5},"end":{"line":28,"column":1}},{"start":{"line":26,"column":5},"end":{"line":28,"column":1}}],"line":22},"5":{"loc":{"start":{"line":22,"column":9},"end":{"line":22,"column":71}},"type":"binary-expr","locations":[{"start":{"line":22,"column":9},"end":{"line":22,"column":34}},{"start":{"line":22,"column":38},"end":{"line":22,"column":71}}],"line":22}},"s":{"0":3,"1":0,"2":3,"3":0,"4":3,"5":3,"6":0},"f":{},"b":{"0":[0,3],"1":[3,0,0],"2":[0,3],"3":[3,0],"4":[3,0],"5":[3,3]},"_coverageSchema":"1a1c01bbd47fc00a2c39e90264f33305004495a9","hash":"3b917ca645bf34094b5c1f5c1aba1a53f2e652be"}
,"C:\\Users\\Hanson\\Desktop\\CCP555\\fragmentsLabs\\fragmentsLabs\\fragments\\src\\model\\fragment.js": {"path":"C:\\Users\\Hanson\\Desktop\\CCP555\\fragmentsLabs\\fragmentsLabs\\fragments\\src\\model\\fragment.js","statementMap":{"0":{"start":{"line":3,"column":23},"end":{"line":3,"column":40}},"1":{"start":{"line":5,"column":20},"end":{"line":5,"column":43}},"2":{"start":{"line":15,"column":4},"end":{"line":15,"column":21}},"3":{"start":{"line":19,"column":4},"end":{"line":21,"column":5}},"4":{"start":{"line":20,"column":6},"end":{"line":20,"column":45}},"5":{"start":{"line":22,"column":4},"end":{"line":24,"column":5}},"6":{"start":{"line":23,"column":6},"end":{"line":23,"column":42}},"7":{"start":{"line":25,"column":4},"end":{"line":27,"column":5}},"8":{"start":{"line":26,"column":6},"end":{"line":26,"column":55}},"9":{"start":{"line":28,"column":4},"end":{"line":30,"column":5}},"10":{"start":{"line":29,"column":6},"end":{"line":29,"column":60}},"11":{"start":{"line":32,"column":4},"end":{"line":32,"column":33}},"12":{"start":{"line":33,"column":4},"end":{"line":33,"column":27}},"13":{"start":{"line":34,"column":4},"end":{"line":34,"column":55}},"14":{"start":{"line":35,"column":4},"end":{"line":35,"column":55}},"15":{"start":{"line":36,"column":4},"end":{"line":36,"column":21}},"16":{"start":{"line":37,"column":4},"end":{"line":37,"column":21}},"17":{"start":{"line":47,"column":21},"end":{"line":47,"column":57}},"18":{"start":{"line":49,"column":4},"end":{"line":51,"column":5}},"19":{"start":{"line":50,"column":6},"end":{"line":50,"column":16}},"20":{"start":{"line":53,"column":4},"end":{"line":58,"column":1}},"21":{"start":{"line":54,"column":6},"end":{"line":57,"column":7}},"22":{"start":{"line":55,"column":23},"end":{"line":55,"column":85}},"23":{"start":{"line":56,"column":8},"end":{"line":56,"column":36}},"24":{"start":{"line":60,"column":4},"end":{"line":60,"column":21}},"25":{"start":{"line":70,"column":21},"end":{"line":70,"column":52}},"26":{"start":{"line":72,"column":4},"end":{"line":74,"column":5}},"27":{"start":{"line":73,"column":6},"end":{"line":73,"column":44}},"28":{"start":{"line":76,"column":4},"end":{"line":76,"column":34}},"29":{"start":{"line":87,"column":4},"end":{"line":87,"column":39}},"30":{"start":{"line":95,"column":4},"end":{"line":95,"column":44}},"31":{"start":{"line":96,"column":4},"end":{"line":96,"column":31}},"32":{"start":{"line":104,"column":4},"end":{"line":104,"column":51}},"33":{"start":{"line":113,"column":4},"end":{"line":115,"column":5}},"34":{"start":{"line":114,"column":6},"end":{"line":114,"column":47}},"35":{"start":{"line":116,"column":4},"end":{"line":116,"column":28}},"36":{"start":{"line":117,"column":4},"end":{"line":117,"column":44}},"37":{"start":{"line":118,"column":4},"end":{"line":118,"column":57}},"38":{"start":{"line":119,"column":4},"end":{"line":119,"column":22}},"39":{"start":{"line":128,"column":21},"end":{"line":128,"column":49}},"40":{"start":{"line":129,"column":4},"end":{"line":129,"column":16}},"41":{"start":{"line":137,"column":4},"end":{"line":137,"column":45}},"42":{"start":{"line":145,"column":25},"end":{"line":157,"column":5}},"43":{"start":{"line":159,"column":4},"end":{"line":159,"column":45}},"44":{"start":{"line":168,"column":27},"end":{"line":180,"column":5}},"45":{"start":{"line":182,"column":4},"end":{"line":187,"column":5}},"46":{"start":{"line":183,"column":23},"end":{"line":183,"column":47}},"47":{"start":{"line":184,"column":6},"end":{"line":184,"column":43}},"48":{"start":{"line":186,"column":6},"end":{"line":186,"column":19}},"49":{"start":{"line":191,"column":0},"end":{"line":191,"column":35}}},"fnMap":{"0":{"name":"(anonymous_0)","decl":{"start":{"line":18,"column":2},"end":{"line":18,"column":3}},"loc":{"start":{"line":18,"column":65},"end":{"line":38,"column":3}},"line":18},"1":{"name":"(anonymous_1)","decl":{"start":{"line":46,"column":2},"end":{"line":46,"column":3}},"loc":{"start":{"line":46,"column":47},"end":{"line":61,"column":3}},"line":46},"2":{"name":"(anonymous_2)","decl":{"start":{"line":54,"column":27},"end":{"line":54,"column":28}},"loc":{"start":{"line":54,"column":41},"end":{"line":57,"column":5}},"line":54},"3":{"name":"(anonymous_3)","decl":{"start":{"line":69,"column":2},"end":{"line":69,"column":3}},"loc":{"start":{"line":69,"column":33},"end":{"line":77,"column":3}},"line":69},"4":{"name":"(anonymous_4)","decl":{"start":{"line":86,"column":2},"end":{"line":86,"column":3}},"loc":{"start":{"line":86,"column":29},"end":{"line":88,"column":3}},"line":86},"5":{"name":"(anonymous_5)","decl":{"start":{"line":94,"column":2},"end":{"line":94,"column":3}},"loc":{"start":{"line":94,"column":9},"end":{"line":97,"column":3}},"line":94},"6":{"name":"(anonymous_6)","decl":{"start":{"line":103,"column":2},"end":{"line":103,"column":3}},"loc":{"start":{"line":103,"column":12},"end":{"line":105,"column":3}},"line":103},"7":{"name":"(anonymous_7)","decl":{"start":{"line":112,"column":2},"end":{"line":112,"column":3}},"loc":{"start":{"line":112,"column":22},"end":{"line":120,"column":3}},"line":112},"8":{"name":"(anonymous_8)","decl":{"start":{"line":127,"column":2},"end":{"line":127,"column":3}},"loc":{"start":{"line":127,"column":17},"end":{"line":130,"column":3}},"line":127},"9":{"name":"(anonymous_9)","decl":{"start":{"line":136,"column":2},"end":{"line":136,"column":3}},"loc":{"start":{"line":136,"column":15},"end":{"line":138,"column":3}},"line":136},"10":{"name":"(anonymous_10)","decl":{"start":{"line":144,"column":2},"end":{"line":144,"column":3}},"loc":{"start":{"line":144,"column":16},"end":{"line":160,"column":3}},"line":144},"11":{"name":"(anonymous_11)","decl":{"start":{"line":167,"column":2},"end":{"line":167,"column":3}},"loc":{"start":{"line":167,"column":32},"end":{"line":188,"column":3}},"line":167}},"branchMap":{"0":{"loc":{"start":{"line":18,"column":53},"end":{"line":18,"column":61}},"type":"default-arg","locations":[{"start":{"line":18,"column":60},"end":{"line":18,"column":61}}],"line":18},"1":{"loc":{"start":{"line":19,"column":4},"end":{"line":21,"column":5}},"type":"if","locations":[{"start":{"line":19,"column":4},"end":{"line":21,"column":5}},{"start":{},"end":{}}],"line":19},"2":{"loc":{"start":{"line":22,"column":4},"end":{"line":24,"column":5}},"type":"if","locations":[{"start":{"line":22,"column":4},"end":{"line":24,"column":5}},{"start":{},"end":{}}],"line":22},"3":{"loc":{"start":{"line":25,"column":4},"end":{"line":27,"column":5}},"type":"if","locations":[{"start":{"line":25,"column":4},"end":{"line":27,"column":5}},{"start":{},"end":{}}],"line":25},"4":{"loc":{"start":{"line":28,"column":4},"end":{"line":30,"column":5}},"type":"if","locations":[{"start":{"line":28,"column":4},"end":{"line":30,"column":5}},{"start":{},"end":{}}],"line":28},"5":{"loc":{"start":{"line":28,"column":8},"end":{"line":28,"column":44}},"type":"binary-expr","locations":[{"start":{"line":28,"column":8},"end":{"line":28,"column":32}},{"start":{"line":28,"column":36},"end":{"line":28,"column":44}}],"line":28},"6":{"loc":{"start":{"line":32,"column":14},"end":{"line":32,"column":32}},"type":"binary-expr","locations":[{"start":{"line":32,"column":14},"end":{"line":32,"column":16}},{"start":{"line":32,"column":20},"end":{"line":32,"column":32}}],"line":32},"7":{"loc":{"start":{"line":34,"column":19},"end":{"line":34,"column":54}},"type":"binary-expr","locations":[{"start":{"line":34,"column":19},"end":{"line":34,"column":26}},{"start":{"line":34,"column":30},"end":{"line":34,"column":54}}],"line":34},"8":{"loc":{"start":{"line":35,"column":19},"end":{"line":35,"column":54}},"type":"binary-expr","locations":[{"start":{"line":35,"column":19},"end":{"line":35,"column":26}},{"start":{"line":35,"column":30},"end":{"line":35,"column":54}}],"line":35},"9":{"loc":{"start":{"line":46,"column":31},"end":{"line":46,"column":45}},"type":"default-arg","locations":[{"start":{"line":46,"column":40},"end":{"line":46,"column":45}}],"line":46},"10":{"loc":{"start":{"line":49,"column":4},"end":{"line":51,"column":5}},"type":"if","locations":[{"start":{"line":49,"column":4},"end":{"line":51,"column":5}},{"start":{},"end":{}}],"line":49},"11":{"loc":{"start":{"line":53,"column":4},"end":{"line":58,"column":1}},"type":"if","locations":[{"start":{"line":53,"column":4},"end":{"line":58,"column":1}},{"start":{},"end":{}}],"line":53},"12":{"loc":{"start":{"line":55,"column":23},"end":{"line":55,"column":85}},"type":"cond-expr","locations":[{"start":{"line":55,"column":54},"end":{"line":55,"column":74}},{"start":{"line":55,"column":77},"end":{"line":55,"column":85}}],"line":55},"13":{"loc":{"start":{"line":72,"column":4},"end":{"line":74,"column":5}},"type":"if","locations":[{"start":{"line":72,"column":4},"end":{"line":74,"column":5}},{"start":{},"end":{}}],"line":72},"14":{"loc":{"start":{"line":113,"column":4},"end":{"line":115,"column":5}},"type":"if","locations":[{"start":{"line":113,"column":4},"end":{"line":115,"column":5}},{"start":{},"end":{}}],"line":113},"15":{"loc":{"start":{"line":159,"column":11},"end":{"line":159,"column":44}},"type":"binary-expr","locations":[{"start":{"line":159,"column":11},"end":{"line":159,"column":38}},{"start":{"line":159,"column":42},"end":{"line":159,"column":44}}],"line":159}},"s":{"0":4,"1":4,"2":4,"3":45,"4":2,"5":43,"6":1,"7":42,"8":1,"9":41,"10":2,"11":39,"12":39,"13":39,"14":39,"15":39,"16":39,"17":5,"18":5,"19":0,"20":5,"21":2,"22":2,"23":2,"24":3,"25":11,"26":11,"27":3,"28":8,"29":1,"30":30,"31":30,"32":4,"33":16,"34":1,"35":15,"36":15,"37":15,"38":15,"39":5,"40":5,"41":1,"42":1,"43":1,"44":67,"45":67,"46":67,"47":67,"48":0,"49":4},"f":{"0":45,"1":5,"2":2,"3":11,"4":1,"5":30,"6":4,"7":16,"8":5,"9":1,"10":1,"11":67},"b":{"0":[2],"1":[2,43],"2":[1,42],"3":[1,41],"4":[2,39],"5":[41,40],"6":[39,28],"7":[39,29],"8":[39,29],"9":[2],"10":[0,5],"11":[2,3],"12":[2,0],"13":[3,8],"14":[1,15],"15":[1,0]},"_coverageSchema":"1a1c01bbd47fc00a2c39e90264f33305004495a9","hash":"c36c96ba1d81cbded266687d677a9e6c83261829"}
,"C:\\Users\\Hanson\\Desktop\\CCP555\\fragmentsLabs\\fragmentsLabs\\fragments\\src\\model\\data\\index.js": {"path":"C:\\Users\\Hanson\\Desktop\\CCP555\\fragmentsLabs\\fragmentsLabs\\fragments\\src\\model\\data\\index.js","statementMap":{"0":{"start":{"line":3,"column":0},"end":{"line":4,"column":37}}},"fnMap":{},"branchMap":{"0":{"loc":{"start":{"line":3,"column":17},"end":{"line":4,"column":36}},"type":"cond-expr","locations":[{"start":{"line":3,"column":42},"end":{"line":3,"column":58}},{"start":{"line":4,"column":0},"end":{"line":4,"column":36}}],"line":3}},"s":{"0":4},"f":{},"b":{"0":[0,4]},"_coverageSchema":"1a1c01bbd47fc00a2c39e90264f33305004495a9","hash":"07a9882f639f92c2df52a2436121fcd811c636bb"}
,"C:\\Users\\Hanson\\Desktop\\CCP555\\fragmentsLabs\\fragmentsLabs\\fragments\\src\\model\\data\\memory\\index.js": {"path":"C:\\Users\\Hanson\\Desktop\\CCP555\\fragmentsLabs\\fragmentsLabs\\fragments\\src\\model\\data\\memory\\index.js","statementMap":{"0":{"start":{"line":1,"column":17},"end":{"line":1,"column":39}},"1":{"start":{"line":4,"column":13},"end":{"line":4,"column":27}},"2":{"start":{"line":5,"column":17},"end":{"line":5,"column":31}},"3":{"start":{"line":11,"column":21},"end":{"line":11,"column":45}},"4":{"start":{"line":12,"column":2},"end":{"line":12,"column":65}},"5":{"start":{"line":20,"column":21},"end":{"line":20,"column":52}},"6":{"start":{"line":21,"column":2},"end":{"line":21,"column":78}},"7":{"start":{"line":26,"column":2},"end":{"line":26,"column":39}},"8":{"start":{"line":31,"column":2},"end":{"line":31,"column":31}},"9":{"start":{"line":36,"column":20},"end":{"line":36,"column":49}},"10":{"start":{"line":39,"column":2},"end":{"line":41,"column":3}},"11":{"start":{"line":40,"column":4},"end":{"line":40,"column":21}},"12":{"start":{"line":44,"column":2},"end":{"line":44,"column":62}},"13":{"start":{"line":44,"column":37},"end":{"line":44,"column":60}},"14":{"start":{"line":49,"column":2},"end":{"line":54,"column":5}},"15":{"start":{"line":57,"column":0},"end":{"line":57,"column":45}},"16":{"start":{"line":58,"column":0},"end":{"line":58,"column":45}},"17":{"start":{"line":59,"column":0},"end":{"line":59,"column":43}},"18":{"start":{"line":60,"column":0},"end":{"line":60,"column":53}},"19":{"start":{"line":61,"column":0},"end":{"line":61,"column":51}},"20":{"start":{"line":62,"column":0},"end":{"line":62,"column":47}}},"fnMap":{"0":{"name":"writeFragment","decl":{"start":{"line":8,"column":9},"end":{"line":8,"column":22}},"loc":{"start":{"line":8,"column":33},"end":{"line":13,"column":1}},"line":8},"1":{"name":"readFragment","decl":{"start":{"line":16,"column":15},"end":{"line":16,"column":27}},"loc":{"start":{"line":16,"column":41},"end":{"line":22,"column":1}},"line":16},"2":{"name":"writeFragmentData","decl":{"start":{"line":25,"column":9},"end":{"line":25,"column":26}},"loc":{"start":{"line":25,"column":48},"end":{"line":27,"column":1}},"line":25},"3":{"name":"readFragmentData","decl":{"start":{"line":30,"column":9},"end":{"line":30,"column":25}},"loc":{"start":{"line":30,"column":39},"end":{"line":32,"column":1}},"line":30},"4":{"name":"listFragments","decl":{"start":{"line":35,"column":15},"end":{"line":35,"column":28}},"loc":{"start":{"line":35,"column":54},"end":{"line":45,"column":1}},"line":35},"5":{"name":"(anonymous_5)","decl":{"start":{"line":44,"column":23},"end":{"line":44,"column":24}},"loc":{"start":{"line":44,"column":37},"end":{"line":44,"column":60}},"line":44},"6":{"name":"deleteFragment","decl":{"start":{"line":48,"column":9},"end":{"line":48,"column":23}},"loc":{"start":{"line":48,"column":37},"end":{"line":55,"column":1}},"line":48}},"branchMap":{"0":{"loc":{"start":{"line":21,"column":9},"end":{"line":21,"column":77}},"type":"cond-expr","locations":[{"start":{"line":21,"column":42},"end":{"line":21,"column":64}},{"start":{"line":21,"column":67},"end":{"line":21,"column":77}}],"line":21},"1":{"loc":{"start":{"line":35,"column":38},"end":{"line":35,"column":52}},"type":"default-arg","locations":[{"start":{"line":35,"column":47},"end":{"line":35,"column":52}}],"line":35},"2":{"loc":{"start":{"line":39,"column":2},"end":{"line":41,"column":3}},"type":"if","locations":[{"start":{"line":39,"column":2},"end":{"line":41,"column":3}},{"start":{},"end":{}}],"line":39},"3":{"loc":{"start":{"line":39,"column":6},"end":{"line":39,"column":26}},"type":"binary-expr","locations":[{"start":{"line":39,"column":6},"end":{"line":39,"column":12}},{"start":{"line":39,"column":16},"end":{"line":39,"column":26}}],"line":39}},"s":{"0":5,"1":5,"2":5,"3":34,"4":34,"5":14,"6":14,"7":17,"8":7,"9":7,"10":7,"11":2,"12":5,"13":4,"14":2,"15":5,"16":5,"17":5,"18":5,"19":5,"20":5},"f":{"0":34,"1":14,"2":17,"3":7,"4":7,"5":4,"6":2},"b":{"0":[9,5],"1":[2],"2":[2,5],"3":[7,5]},"_coverageSchema":"1a1c01bbd47fc00a2c39e90264f33305004495a9","hash":"80dc673df94c0f1e9af68761838e91afbd9dc3f1"}
,"C:\\Users\\Hanson\\Desktop\\CCP555\\fragmentsLabs\\fragmentsLabs\\fragments\\src\\model\\data\\memory\\memory-db.js": {"path":"C:\\Users\\Hanson\\Desktop\\CCP555\\fragmentsLabs\\fragmentsLabs\\fragments\\src\\model\\data\\memory\\memory-db.js","statementMap":{"0":{"start":{"line":1,"column":20},"end":{"line":1,"column":52}},"1":{"start":{"line":1,"column":29},"end":{"line":1,"column":52}},"2":{"start":{"line":6,"column":4},"end":{"line":6,"column":17}},"3":{"start":{"line":16,"column":4},"end":{"line":20,"column":5}},"4":{"start":{"line":17,"column":6},"end":{"line":19,"column":8}},"5":{"start":{"line":22,"column":15},"end":{"line":22,"column":22}},"6":{"start":{"line":23,"column":18},"end":{"line":23,"column":64}},"7":{"start":{"line":24,"column":4},"end":{"line":24,"column":34}},"8":{"start":{"line":34,"column":4},"end":{"line":38,"column":5}},"9":{"start":{"line":35,"column":6},"end":{"line":37,"column":8}},"10":{"start":{"line":40,"column":15},"end":{"line":40,"column":22}},"11":{"start":{"line":42,"column":4},"end":{"line":42,"column":42}},"12":{"start":{"line":44,"column":4},"end":{"line":44,"column":41}},"13":{"start":{"line":45,"column":4},"end":{"line":45,"column":29}},"14":{"start":{"line":55,"column":4},"end":{"line":57,"column":5}},"15":{"start":{"line":56,"column":6},"end":{"line":56,"column":85}},"16":{"start":{"line":60,"column":15},"end":{"line":60,"column":22}},"17":{"start":{"line":61,"column":19},"end":{"line":61,"column":70}},"18":{"start":{"line":62,"column":4},"end":{"line":62,"column":35}},"19":{"start":{"line":72,"column":4},"end":{"line":76,"column":5}},"20":{"start":{"line":73,"column":6},"end":{"line":75,"column":8}},"21":{"start":{"line":79,"column":4},"end":{"line":83,"column":5}},"22":{"start":{"line":80,"column":6},"end":{"line":82,"column":8}},"23":{"start":{"line":85,"column":15},"end":{"line":85,"column":22}},"24":{"start":{"line":86,"column":4},"end":{"line":86,"column":40}},"25":{"start":{"line":87,"column":4},"end":{"line":87,"column":29}},"26":{"start":{"line":91,"column":0},"end":{"line":91,"column":26}}},"fnMap":{"0":{"name":"(anonymous_0)","decl":{"start":{"line":1,"column":20},"end":{"line":1,"column":21}},"loc":{"start":{"line":1,"column":29},"end":{"line":1,"column":52}},"line":1},"1":{"name":"(anonymous_1)","decl":{"start":{"line":4,"column":2},"end":{"line":4,"column":3}},"loc":{"start":{"line":4,"column":16},"end":{"line":7,"column":3}},"line":4},"2":{"name":"(anonymous_2)","decl":{"start":{"line":15,"column":2},"end":{"line":15,"column":3}},"loc":{"start":{"line":15,"column":32},"end":{"line":25,"column":3}},"line":15},"3":{"name":"(anonymous_3)","decl":{"start":{"line":33,"column":2},"end":{"line":33,"column":3}},"loc":{"start":{"line":33,"column":39},"end":{"line":46,"column":3}},"line":33},"4":{"name":"(anonymous_4)","decl":{"start":{"line":54,"column":2},"end":{"line":54,"column":3}},"loc":{"start":{"line":54,"column":20},"end":{"line":63,"column":3}},"line":54},"5":{"name":"(anonymous_5)","decl":{"start":{"line":71,"column":2},"end":{"line":71,"column":3}},"loc":{"start":{"line":71,"column":38},"end":{"line":88,"column":3}},"line":71}},"branchMap":{"0":{"loc":{"start":{"line":16,"column":4},"end":{"line":20,"column":5}},"type":"if","locations":[{"start":{"line":16,"column":4},"end":{"line":20,"column":5}},{"start":{},"end":{}}],"line":16},"1":{"loc":{"start":{"line":16,"column":10},"end":{"line":16,"column":62}},"type":"binary-expr","locations":[{"start":{"line":16,"column":10},"end":{"line":16,"column":33}},{"start":{"line":16,"column":37},"end":{"line":16,"column":62}}],"line":16},"2":{"loc":{"start":{"line":23,"column":18},"end":{"line":23,"column":64}},"type":"binary-expr","locations":[{"start":{"line":23,"column":18},"end":{"line":23,"column":32}},{"start":{"line":23,"column":36},"end":{"line":23,"column":64}}],"line":23},"3":{"loc":{"start":{"line":34,"column":4},"end":{"line":38,"column":5}},"type":"if","locations":[{"start":{"line":34,"column":4},"end":{"line":38,"column":5}},{"start":{},"end":{}}],"line":34},"4":{"loc":{"start":{"line":34,"column":10},"end":{"line":34,"column":62}},"type":"binary-expr","locations":[{"start":{"line":34,"column":10},"end":{"line":34,"column":33}},{"start":{"line":34,"column":37},"end":{"line":34,"column":62}}],"line":34},"5":{"loc":{"start":{"line":42,"column":21},"end":{"line":42,"column":41}},"type":"binary-expr","locations":[{"start":{"line":42,"column":21},"end":{"line":42,"column":35}},{"start":{"line":42,"column":39},"end":{"line":42,"column":41}}],"line":42},"6":{"loc":{"start":{"line":55,"column":4},"end":{"line":57,"column":5}},"type":"if","locations":[{"start":{"line":55,"column":4},"end":{"line":57,"column":5}},{"start":{},"end":{}}],"line":55},"7":{"loc":{"start":{"line":61,"column":19},"end":{"line":61,"column":70}},"type":"cond-expr","locations":[{"start":{"line":61,"column":36},"end":{"line":61,"column":65}},{"start":{"line":61,"column":68},"end":{"line":61,"column":70}}],"line":61},"8":{"loc":{"start":{"line":72,"column":4},"end":{"line":76,"column":5}},"type":"if","locations":[{"start":{"line":72,"column":4},"end":{"line":76,"column":5}},{"start":{},"end":{}}],"line":72},"9":{"loc":{"start":{"line":72,"column":10},"end":{"line":72,"column":62}},"type":"binary-expr","locations":[{"start":{"line":72,"column":10},"end":{"line":72,"column":33}},{"start":{"line":72,"column":37},"end":{"line":72,"column":62}}],"line":72},"10":{"loc":{"start":{"line":79,"column":4},"end":{"line":83,"column":5}},"type":"if","locations":[{"start":{"line":79,"column":4},"end":{"line":83,"column":5}},{"start":{},"end":{}}],"line":79}},"s":{"0":6,"1":220,"2":22,"3":35,"4":3,"5":32,"6":32,"7":32,"8":65,"9":3,"10":62,"11":62,"12":62,"13":62,"14":11,"15":2,"16":9,"17":9,"18":9,"19":9,"20":3,"21":6,"22":1,"23":5,"24":5,"25":5,"26":6},"f":{"0":220,"1":22,"2":35,"3":65,"4":11,"5":9},"b":{"0":[3,32],"1":[35,32],"2":[32,29],"3":[3,62],"4":[65,62],"5":[62,21],"6":[2,9],"7":[5,4],"8":[3,6],"9":[9,6],"10":[1,5]},"_coverageSchema":"1a1c01bbd47fc00a2c39e90264f33305004495a9","hash":"6544a8bd5953180fabf799ff9b09ba1177bed7bb"}
,"C:\\Users\\Hanson\\Desktop\\CCP555\\fragmentsLabs\\fragmentsLabs\\fragments\\src\\routes\\index.js": {"path":"C:\\Users\\Hanson\\Desktop\\CCP555\\fragmentsLabs\\fragmentsLabs\\fragments\\src\\routes\\index.js","statementMap":{"0":{"start":{"line":1,"column":16},"end":{"line":1,"column":34}},"1":{"start":{"line":2,"column":28},"end":{"line":2,"column":57}},"2":{"start":{"line":3,"column":15},"end":{"line":3,"column":31}},"3":{"start":{"line":4,"column":25},"end":{"line":4,"column":43}},"4":{"start":{"line":6,"column":0},"end":{"line":14,"column":3}},"5":{"start":{"line":7,"column":2},"end":{"line":7,"column":39}},"6":{"start":{"line":8,"column":2},"end":{"line":13,"column":5}},"7":{"start":{"line":17,"column":0},"end":{"line":17,"column":52}},"8":{"start":{"line":19,"column":0},"end":{"line":19,"column":24}}},"fnMap":{"0":{"name":"(anonymous_0)","decl":{"start":{"line":6,"column":16},"end":{"line":6,"column":17}},"loc":{"start":{"line":6,"column":30},"end":{"line":14,"column":1}},"line":6}},"branchMap":{},"s":{"0":3,"1":3,"2":3,"3":3,"4":3,"5":4,"6":4,"7":3,"8":3},"f":{"0":4},"b":{},"_coverageSchema":"1a1c01bbd47fc00a2c39e90264f33305004495a9","hash":"958c2ca637a6254bf49036b459c117f770cbb7d3"}
,"C:\\Users\\Hanson\\Desktop\\CCP555\\fragmentsLabs\\fragmentsLabs\\fragments\\src\\routes\\api\\delete.js": {"path":"C:\\Users\\Hanson\\Desktop\\CCP555\\fragmentsLabs\\fragmentsLabs\\fragments\\src\\routes\\api\\delete.js","statementMap":{"0":{"start":{"line":1,"column":21},"end":{"line":1,"column":52}},"1":{"start":{"line":2,"column":15},"end":{"line":2,"column":38}},"2":{"start":{"line":4,"column":0},"end":{"line":18,"column":2}},"3":{"start":{"line":5,"column":2},"end":{"line":17,"column":3}},"4":{"start":{"line":7,"column":4},"end":{"line":7,"column":75}},"5":{"start":{"line":10,"column":4},"end":{"line":10,"column":51}},"6":{"start":{"line":13,"column":4},"end":{"line":13,"column":43}},"7":{"start":{"line":15,"column":4},"end":{"line":15,"column":72}},"8":{"start":{"line":16,"column":4},"end":{"line":16,"column":68}}},"fnMap":{"0":{"name":"(anonymous_0)","decl":{"start":{"line":4,"column":17},"end":{"line":4,"column":18}},"loc":{"start":{"line":4,"column":37},"end":{"line":18,"column":1}},"line":4}},"branchMap":{},"s":{"0":3,"1":3,"2":3,"3":0,"4":0,"5":0,"6":0,"7":0,"8":0},"f":{"0":0},"b":{},"_coverageSchema":"1a1c01bbd47fc00a2c39e90264f33305004495a9","hash":"df9b499f82f7130c0c518b300be1024891f4cc3a"}
,"C:\\Users\\Hanson\\Desktop\\CCP555\\fragmentsLabs\\fragmentsLabs\\fragments\\src\\routes\\api\\get.js": {"path":"C:\\Users\\Hanson\\Desktop\\CCP555\\fragmentsLabs\\fragmentsLabs\\fragments\\src\\routes\\api\\get.js","statementMap":{"0":{"start":{"line":3,"column":21},"end":{"line":3,"column":52}},"1":{"start":{"line":4,"column":15},"end":{"line":4,"column":38}},"2":{"start":{"line":5,"column":11},"end":{"line":5,"column":35}},"3":{"start":{"line":6,"column":13},"end":{"line":6,"column":28}},"4":{"start":{"line":7,"column":14},"end":{"line":7,"column":30}},"5":{"start":{"line":12,"column":0},"end":{"line":30,"column":2}},"6":{"start":{"line":13,"column":2},"end":{"line":29,"column":3}},"7":{"start":{"line":15,"column":4},"end":{"line":15,"column":73}},"8":{"start":{"line":16,"column":4},"end":{"line":16,"column":85}},"9":{"start":{"line":17,"column":4},"end":{"line":17,"column":59}},"10":{"start":{"line":18,"column":19},"end":{"line":18,"column":43}},"11":{"start":{"line":21,"column":22},"end":{"line":21,"column":61}},"12":{"start":{"line":23,"column":4},"end":{"line":26,"column":7}},"13":{"start":{"line":28,"column":4},"end":{"line":28,"column":68}},"14":{"start":{"line":35,"column":0},"end":{"line":46,"column":2}},"15":{"start":{"line":36,"column":2},"end":{"line":45,"column":3}},"16":{"start":{"line":37,"column":21},"end":{"line":37,"column":65}},"17":{"start":{"line":38,"column":4},"end":{"line":41,"column":7}},"18":{"start":{"line":43,"column":4},"end":{"line":43,"column":24}},"19":{"start":{"line":44,"column":4},"end":{"line":44,"column":75}},"20":{"start":{"line":51,"column":0},"end":{"line":137,"column":2}},"21":{"start":{"line":52,"column":2},"end":{"line":136,"column":3}},"22":{"start":{"line":56,"column":30},"end":{"line":56,"column":55}},"23":{"start":{"line":59,"column":21},"end":{"line":59,"column":54}},"24":{"start":{"line":62,"column":17},"end":{"line":62,"column":41}},"25":{"start":{"line":65,"column":4},"end":{"line":126,"column":5}},"26":{"start":{"line":67,"column":6},"end":{"line":71,"column":7}},"27":{"start":{"line":68,"column":21},"end":{"line":68,"column":47}},"28":{"start":{"line":69,"column":8},"end":{"line":69,"column":51}},"29":{"start":{"line":70,"column":8},"end":{"line":70,"column":42}},"30":{"start":{"line":74,"column":25},"end":{"line":74,"column":79}},"31":{"start":{"line":75,"column":6},"end":{"line":102,"column":7}},"32":{"start":{"line":76,"column":9},"end":{"line":101,"column":10}},"33":{"start":{"line":80,"column":11},"end":{"line":92,"column":12}},"34":{"start":{"line":81,"column":13},"end":{"line":81,"column":74}},"35":{"start":{"line":82,"column":13},"end":{"line":82,"column":39}},"36":{"start":{"line":83,"column":18},"end":{"line":92,"column":12}},"37":{"start":{"line":84,"column":13},"end":{"line":84,"column":75}},"38":{"start":{"line":85,"column":13},"end":{"line":85,"column":40}},"39":{"start":{"line":86,"column":18},"end":{"line":92,"column":12}},"40":{"start":{"line":87,"column":13},"end":{"line":87,"column":75}},"41":{"start":{"line":88,"column":13},"end":{"line":88,"column":40}},"42":{"start":{"line":89,"column":18},"end":{"line":92,"column":12}},"43":{"start":{"line":90,"column":14},"end":{"line":90,"column":75}},"44":{"start":{"line":91,"column":14},"end":{"line":91,"column":40}},"45":{"start":{"line":94,"column":11},"end":{"line":97,"column":12}},"46":{"start":{"line":95,"column":13},"end":{"line":95,"column":56}},"47":{"start":{"line":96,"column":13},"end":{"line":96,"column":56}},"48":{"start":{"line":99,"column":11},"end":{"line":99,"column":63}},"49":{"start":{"line":108,"column":24},"end":{"line":113,"column":7}},"50":{"start":{"line":115,"column":6},"end":{"line":118,"column":7}},"51":{"start":{"line":116,"column":8},"end":{"line":116,"column":53}},"52":{"start":{"line":117,"column":6},"end":{"line":117,"column":40}},"53":{"start":{"line":122,"column":6},"end":{"line":125,"column":9}},"54":{"start":{"line":129,"column":4},"end":{"line":129,"column":49}},"55":{"start":{"line":130,"column":4},"end":{"line":130,"column":51}},"56":{"start":{"line":131,"column":4},"end":{"line":131,"column":31}},"57":{"start":{"line":134,"column":4},"end":{"line":134,"column":24}},"58":{"start":{"line":135,"column":4},"end":{"line":135,"column":75}}},"fnMap":{"0":{"name":"(anonymous_0)","decl":{"start":{"line":12,"column":24},"end":{"line":12,"column":25}},"loc":{"start":{"line":12,"column":44},"end":{"line":30,"column":1}},"line":12},"1":{"name":"(anonymous_1)","decl":{"start":{"line":35,"column":25},"end":{"line":35,"column":26}},"loc":{"start":{"line":35,"column":45},"end":{"line":46,"column":1}},"line":35},"2":{"name":"(anonymous_2)","decl":{"start":{"line":51,"column":25},"end":{"line":51,"column":26}},"loc":{"start":{"line":51,"column":45},"end":{"line":137,"column":1}},"line":51}},"branchMap":{"0":{"loc":{"start":{"line":65,"column":4},"end":{"line":126,"column":5}},"type":"if","locations":[{"start":{"line":65,"column":4},"end":{"line":126,"column":5}},{"start":{},"end":{}}],"line":65},"1":{"loc":{"start":{"line":67,"column":6},"end":{"line":71,"column":7}},"type":"if","locations":[{"start":{"line":67,"column":6},"end":{"line":71,"column":7}},{"start":{},"end":{}}],"line":67},"2":{"loc":{"start":{"line":67,"column":10},"end":{"line":67,"column":62}},"type":"binary-expr","locations":[{"start":{"line":67,"column":10},"end":{"line":67,"column":43}},{"start":{"line":67,"column":47},"end":{"line":67,"column":62}}],"line":67},"3":{"loc":{"start":{"line":75,"column":6},"end":{"line":102,"column":7}},"type":"if","locations":[{"start":{"line":75,"column":6},"end":{"line":102,"column":7}},{"start":{},"end":{}}],"line":75},"4":{"loc":{"start":{"line":80,"column":11},"end":{"line":92,"column":12}},"type":"if","locations":[{"start":{"line":80,"column":11},"end":{"line":92,"column":12}},{"start":{"line":83,"column":18},"end":{"line":92,"column":12}}],"line":80},"5":{"loc":{"start":{"line":83,"column":18},"end":{"line":92,"column":12}},"type":"if","locations":[{"start":{"line":83,"column":18},"end":{"line":92,"column":12}},{"start":{"line":86,"column":18},"end":{"line":92,"column":12}}],"line":83},"6":{"loc":{"start":{"line":83,"column":22},"end":{"line":83,"column":55}},"type":"binary-expr","locations":[{"start":{"line":83,"column":22},"end":{"line":83,"column":36}},{"start":{"line":83,"column":40},"end":{"line":83,"column":55}}],"line":83},"7":{"loc":{"start":{"line":86,"column":18},"end":{"line":92,"column":12}},"type":"if","locations":[{"start":{"line":86,"column":18},"end":{"line":92,"column":12}},{"start":{"line":89,"column":18},"end":{"line":92,"column":12}}],"line":86},"8":{"loc":{"start":{"line":89,"column":18},"end":{"line":92,"column":12}},"type":"if","locations":[{"start":{"line":89,"column":18},"end":{"line":92,"column":12}},{"start":{},"end":{}}],"line":89},"9":{"loc":{"start":{"line":94,"column":11},"end":{"line":97,"column":12}},"type":"if","locations":[{"start":{"line":94,"column":11},"end":{"line":97,"column":12}},{"start":{},"end":{}}],"line":94},"10":{"loc":{"start":{"line":115,"column":6},"end":{"line":118,"column":7}},"type":"if","locations":[{"start":{"line":115,"column":6},"end":{"line":118,"column":7}},{"start":{},"end":{}}],"line":115}},"s":{"0":3,"1":3,"2":3,"3":3,"4":3,"5":3,"6":2,"7":2,"8":2,"9":2,"10":2,"11":2,"12":2,"13":0,"14":3,"15":2,"16":2,"17":1,"18":1,"19":1,"20":3,"21":4,"22":4,"23":4,"24":3,"25":3,"26":2,"27":1,"28":1,"29":1,"30":1,"31":1,"32":0,"33":0,"34":0,"35":0,"36":0,"37":0,"38":0,"39":0,"40":0,"41":0,"42":0,"43":0,"44":0,"45":0,"46":0,"47":0,"48":0,"49":1,"50":1,"51":0,"52":0,"53":1,"54":1,"55":1,"56":1,"57":1,"58":1},"f":{"0":2,"1":2,"2":4},"b":{"0":[2,1],"1":[1,1],"2":[2,1],"3":[0,1],"4":[0,0],"5":[0,0],"6":[0,0],"7":[0,0],"8":[0,0],"9":[0,0],"10":[0,1]},"_coverageSchema":"1a1c01bbd47fc00a2c39e90264f33305004495a9","hash":"45798d592e82916fe27d4a9eef9488ed7b7ef867"}
,"C:\\Users\\Hanson\\Desktop\\CCP555\\fragmentsLabs\\fragmentsLabs\\fragments\\src\\routes\\api\\index.js": {"path":"C:\\Users\\Hanson\\Desktop\\CCP555\\fragmentsLabs\\fragmentsLabs\\fragments\\src\\routes\\api\\index.js","statementMap":{"0":{"start":{"line":3,"column":16},"end":{"line":3,"column":34}},"1":{"start":{"line":4,"column":20},"end":{"line":4,"column":43}},"2":{"start":{"line":5,"column":21},"end":{"line":5,"column":52}},"3":{"start":{"line":6,"column":20},"end":{"line":6,"column":36}},"4":{"start":{"line":7,"column":21},"end":{"line":7,"column":38}},"5":{"start":{"line":8,"column":23},"end":{"line":8,"column":42}},"6":{"start":{"line":9,"column":20},"end":{"line":9,"column":36}},"7":{"start":{"line":11,"column":15},"end":{"line":11,"column":31}},"8":{"start":{"line":13,"column":16},"end":{"line":21,"column":4}},"9":{"start":{"line":14,"column":2},"end":{"line":21,"column":4}},"10":{"start":{"line":18,"column":23},"end":{"line":18,"column":45}},"11":{"start":{"line":19,"column":6},"end":{"line":19,"column":44}},"12":{"start":{"line":24,"column":0},"end":{"line":24,"column":45}},"13":{"start":{"line":27,"column":0},"end":{"line":27,"column":55}},"14":{"start":{"line":30,"column":0},"end":{"line":30,"column":50}},"15":{"start":{"line":33,"column":0},"end":{"line":33,"column":51}},"16":{"start":{"line":36,"column":0},"end":{"line":36,"column":48}},"17":{"start":{"line":39,"column":0},"end":{"line":39,"column":53}},"18":{"start":{"line":41,"column":0},"end":{"line":41,"column":24}}},"fnMap":{"0":{"name":"(anonymous_0)","decl":{"start":{"line":13,"column":16},"end":{"line":13,"column":17}},"loc":{"start":{"line":14,"column":2},"end":{"line":21,"column":4}},"line":14},"1":{"name":"(anonymous_1)","decl":{"start":{"line":17,"column":10},"end":{"line":17,"column":11}},"loc":{"start":{"line":17,"column":19},"end":{"line":20,"column":5}},"line":17}},"branchMap":{},"s":{"0":3,"1":3,"2":3,"3":3,"4":3,"5":3,"6":3,"7":3,"8":3,"9":6,"10":9,"11":9,"12":3,"13":3,"14":3,"15":3,"16":3,"17":3,"18":3},"f":{"0":6,"1":9},"b":{},"_coverageSchema":"1a1c01bbd47fc00a2c39e90264f33305004495a9","hash":"67ac7a2ccbf9628e11336e2284370dd30edeaf74"}
,"C:\\Users\\Hanson\\Desktop\\CCP555\\fragmentsLabs\\fragmentsLabs\\fragments\\src\\routes\\api\\post.js": {"path":"C:\\Users\\Hanson\\Desktop\\CCP555\\fragmentsLabs\\fragmentsLabs\\fragments\\src\\routes\\api\\post.js","statementMap":{"0":{"start":{"line":3,"column":21},"end":{"line":3,"column":52}},"1":{"start":{"line":4,"column":15},"end":{"line":4,"column":38}},"2":{"start":{"line":6,"column":0},"end":{"line":69,"column":2}},"3":{"start":{"line":7,"column":2},"end":{"line":68,"column":3}},"4":{"start":{"line":8,"column":4},"end":{"line":8,"column":62}},"5":{"start":{"line":9,"column":4},"end":{"line":9,"column":52}},"6":{"start":{"line":10,"column":4},"end":{"line":10,"column":40}},"7":{"start":{"line":13,"column":15},"end":{"line":13,"column":23}},"8":{"start":{"line":14,"column":4},"end":{"line":17,"column":5}},"9":{"start":{"line":15,"column":6},"end":{"line":15,"column":48}},"10":{"start":{"line":16,"column":6},"end":{"line":16,"column":41}},"11":{"start":{"line":18,"column":4},"end":{"line":18,"column":53}},"12":{"start":{"line":21,"column":24},"end":{"line":21,"column":53}},"13":{"start":{"line":22,"column":30},"end":{"line":22,"column":66}},"14":{"start":{"line":24,"column":0},"end":{"line":24,"column":92}},"15":{"start":{"line":24,"column":28},"end":{"line":24,"column":92}},"16":{"start":{"line":27,"column":0},"end":{"line":32,"column":1}},"17":{"start":{"line":28,"column":2},"end":{"line":31,"column":5}},"18":{"start":{"line":35,"column":21},"end":{"line":39,"column":6}},"19":{"start":{"line":42,"column":4},"end":{"line":42,"column":26}},"20":{"start":{"line":43,"column":4},"end":{"line":43,"column":54}},"21":{"start":{"line":44,"column":4},"end":{"line":44,"column":33}},"22":{"start":{"line":46,"column":18},"end":{"line":46,"column":37}},"23":{"start":{"line":47,"column":20},"end":{"line":47,"column":59}},"24":{"start":{"line":50,"column":4},"end":{"line":50,"column":40}},"25":{"start":{"line":51,"column":4},"end":{"line":61,"column":7}},"26":{"start":{"line":63,"column":4},"end":{"line":63,"column":69}},"27":{"start":{"line":64,"column":4},"end":{"line":67,"column":7}}},"fnMap":{"0":{"name":"(anonymous_0)","decl":{"start":{"line":6,"column":17},"end":{"line":6,"column":18}},"loc":{"start":{"line":6,"column":37},"end":{"line":69,"column":1}},"line":6}},"branchMap":{"0":{"loc":{"start":{"line":14,"column":4},"end":{"line":17,"column":5}},"type":"if","locations":[{"start":{"line":14,"column":4},"end":{"line":17,"column":5}},{"start":{},"end":{}}],"line":14},"1":{"loc":{"start":{"line":16,"column":25},"end":{"line":16,"column":39}},"type":"binary-expr","locations":[{"start":{"line":16,"column":25},"end":{"line":16,"column":33}},{"start":{"line":16,"column":37},"end":{"line":16,"column":39}}],"line":16},"2":{"loc":{"start":{"line":21,"column":24},"end":{"line":21,"column":53}},"type":"binary-expr","locations":[{"start":{"line":21,"column":24},"end":{"line":21,"column":47}},{"start":{"line":21,"column":51},"end":{"line":21,"column":53}}],"line":21},"3":{"loc":{"start":{"line":24,"column":0},"end":{"line":24,"column":92}},"type":"if","locations":[{"start":{"line":24,"column":0},"end":{"line":24,"column":92}},{"start":{},"end":{}}],"line":24},"4":{"loc":{"start":{"line":27,"column":0},"end":{"line":32,"column":1}},"type":"if","locations":[{"start":{"line":27,"column":0},"end":{"line":32,"column":1}},{"start":{},"end":{}}],"line":27}},"s":{"0":3,"1":3,"2":3,"3":9,"4":9,"5":9,"6":9,"7":9,"8":9,"9":1,"10":1,"11":9,"12":9,"13":9,"14":9,"15":0,"16":9,"17":1,"18":8,"19":8,"20":8,"21":8,"22":8,"23":8,"24":8,"25":8,"26":0,"27":0},"f":{"0":9},"b":{"0":[1,8],"1":[1,1],"2":[9,0],"3":[0,9],"4":[1,8]},"_coverageSchema":"1a1c01bbd47fc00a2c39e90264f33305004495a9","hash":"1abcdfde49ef6d9dcdaaa14c07409e306afdd1a4"}
,"C:\\Users\\Hanson\\Desktop\\CCP555\\fragmentsLabs\\fragmentsLabs\\fragments\\src\\routes\\api\\put.js": {"path":"C:\\Users\\Hanson\\Desktop\\CCP555\\fragmentsLabs\\fragmentsLabs\\fragments\\src\\routes\\api\\put.js","statementMap":{"0":{"start":{"line":2,"column":21},"end":{"line":2,"column":52}},"1":{"start":{"line":3,"column":15},"end":{"line":3,"column":38}},"2":{"start":{"line":5,"column":0},"end":{"line":34,"column":2}},"3":{"start":{"line":6,"column":2},"end":{"line":33,"column":3}},"4":{"start":{"line":7,"column":21},"end":{"line":7,"column":65}},"5":{"start":{"line":10,"column":24},"end":{"line":10,"column":47}},"6":{"start":{"line":11,"column":4},"end":{"line":16,"column":5}},"7":{"start":{"line":12,"column":6},"end":{"line":15,"column":9}},"8":{"start":{"line":19,"column":4},"end":{"line":19,"column":37}},"9":{"start":{"line":23,"column":4},"end":{"line":23,"column":48}},"10":{"start":{"line":24,"column":4},"end":{"line":24,"column":26}},"11":{"start":{"line":26,"column":4},"end":{"line":29,"column":7}},"12":{"start":{"line":31,"column":4},"end":{"line":31,"column":55}},"13":{"start":{"line":32,"column":4},"end":{"line":32,"column":75}}},"fnMap":{"0":{"name":"(anonymous_0)","decl":{"start":{"line":5,"column":17},"end":{"line":5,"column":18}},"loc":{"start":{"line":5,"column":37},"end":{"line":34,"column":1}},"line":5}},"branchMap":{"0":{"loc":{"start":{"line":11,"column":4},"end":{"line":16,"column":5}},"type":"if","locations":[{"start":{"line":11,"column":4},"end":{"line":16,"column":5}},{"start":{},"end":{}}],"line":11}},"s":{"0":3,"1":3,"2":3,"3":0,"4":0,"5":0,"6":0,"7":0,"8":0,"9":0,"10":0,"11":0,"12":0,"13":0},"f":{"0":0},"b":{"0":[0,0]},"_coverageSchema":"1a1c01bbd47fc00a2c39e90264f33305004495a9","hash":"70eb9b9026246bce7c3fcd21702bdc9df0a557a6"}
}
