TN:
SF:src\app.js
FN:38,(anonymous_0)
FN:43,(anonymous_1)
FNF:2
FNH:0
FNDA:0,(anonymous_0)
FNDA:0,(anonymous_1)
DA:3,3
DA:4,3
DA:5,3
DA:6,3
DA:7,3
DA:10,3
DA:13,3
DA:18,3
DA:19,3
DA:22,3
DA:35,3
DA:38,3
DA:39,0
DA:43,3
DA:44,0
DA:45,0
DA:46,0
DA:47,0
DA:51,3
LF:19
LH:14
BRDA:44,0,0,0
BRDA:44,0,1,0
BRDA:45,1,0,0
BRDA:45,1,1,0
BRDA:46,2,0,0
BRDA:46,2,1,0
BRF:6
BRH:0
end_of_record
TN:
SF:src\hash.js
FN:22,(anonymous_0)
FNF:1
FNH:1
FNDA:20,(anonymous_0)
DA:16,4
DA:22,20
LF:2
LH:2
BRF:0
BRH:0
end_of_record
TN:
SF:src\logger.js
FNF:0
FNH:0
DA:2,3
DA:5,3
DA:7,0
DA:17,3
LF:4
LH:3
BRDA:2,0,0,3
BRDA:2,0,1,0
BRDA:5,1,0,0
BRDA:5,1,1,3
BRF:4
BRH:2
end_of_record
TN:
SF:src\response.js
FN:11,(anonymous_0)
FN:31,(anonymous_1)
FNF:2
FNH:2
FNDA:2,(anonymous_0)
FNDA:4,(anonymous_1)
DA:11,4
DA:12,2
DA:31,4
DA:32,4
LF:4
LH:4
BRF:0
BRH:0
end_of_record
TN:
SF:src\auth\auth-middleware.js
FN:11,(anonymous_0)
FN:12,(anonymous_1)
FN:19,callback
FNF:3
FNH:3
FNDA:3,(anonymous_0)
FNDA:20,(anonymous_1)
FNDA:20,callback
DA:1,3
DA:3,3
DA:4,3
DA:5,3
DA:11,3
DA:12,3
DA:21,20
DA:22,0
DA:23,0
DA:27,20
DA:28,3
DA:32,17
DA:33,17
DA:36,17
DA:41,20
LF:15
LH:13
BRDA:21,0,0,0
BRDA:21,0,1,20
BRDA:27,1,0,3
BRDA:27,1,1,17
BRF:4
BRH:3
end_of_record
TN:
SF:src\auth\basic-auth.js
FN:20,(anonymous_0)
FN:29,(anonymous_1)
FNF:2
FNH:2
FNDA:3,(anonymous_0)
FNDA:3,(anonymous_1)
DA:6,3
DA:8,3
DA:9,3
DA:10,3
DA:13,3
DA:14,0
DA:18,3
DA:20,3
DA:23,3
DA:29,3
LF:10
LH:9
BRDA:13,0,0,0
BRDA:13,0,1,3
BRF:2
BRH:1
end_of_record
TN:
SF:src\auth\index.js
FNF:0
FNH:0
DA:7,3
DA:12,0
DA:18,3
DA:19,0
DA:22,3
DA:23,3
DA:27,0
LF:7
LH:4
BRDA:7,0,0,0
BRDA:7,0,1,3
BRDA:8,1,0,3
BRDA:8,1,1,0
BRDA:8,1,2,0
BRDA:18,2,0,0
BRDA:18,2,1,3
BRDA:18,3,0,3
BRDA:18,3,1,0
BRDA:22,4,0,3
BRDA:22,4,1,0
BRDA:22,5,0,3
BRDA:22,5,1,3
BRF:13
BRH:7
end_of_record
TN:
SF:src\model\fragment.js
FN:18,(anonymous_0)
FN:46,(anonymous_1)
FN:54,(anonymous_2)
FN:69,(anonymous_3)
FN:86,(anonymous_4)
FN:94,(anonymous_5)
FN:103,(anonymous_6)
FN:112,(anonymous_7)
FN:127,(anonymous_8)
FN:136,(anonymous_9)
FN:144,(anonymous_10)
FN:167,(anonymous_11)
FNF:12
FNH:12
FNDA:45,(anonymous_0)
FNDA:5,(anonymous_1)
FNDA:2,(anonymous_2)
FNDA:11,(anonymous_3)
FNDA:1,(anonymous_4)
FNDA:30,(anonymous_5)
FNDA:4,(anonymous_6)
FNDA:16,(anonymous_7)
FNDA:5,(anonymous_8)
FNDA:1,(anonymous_9)
FNDA:1,(anonymous_10)
FNDA:67,(anonymous_11)
DA:3,4
DA:5,4
DA:15,4
DA:19,45
DA:20,2
DA:22,43
DA:23,1
DA:25,42
DA:26,1
DA:28,41
DA:29,2
DA:32,39
DA:33,39
DA:34,39
DA:35,39
DA:36,39
DA:37,39
DA:47,5
DA:49,5
DA:50,0
DA:53,5
DA:54,2
DA:55,2
DA:56,2
DA:60,3
DA:70,11
DA:72,11
DA:73,3
DA:76,8
DA:87,1
DA:95,30
DA:96,30
DA:104,4
DA:113,16
DA:114,1
DA:116,15
DA:117,15
DA:118,15
DA:119,15
DA:128,5
DA:129,5
DA:137,1
DA:145,1
DA:159,1
DA:168,67
DA:182,67
DA:183,67
DA:184,67
DA:186,0
DA:191,4
LF:50
LH:48
BRDA:18,0,0,2
BRDA:19,1,0,2
BRDA:19,1,1,43
BRDA:22,2,0,1
BRDA:22,2,1,42
BRDA:25,3,0,1
BRDA:25,3,1,41
BRDA:28,4,0,2
BRDA:28,4,1,39
BRDA:28,5,0,41
BRDA:28,5,1,40
BRDA:32,6,0,39
BRDA:32,6,1,28
BRDA:34,7,0,39
BRDA:34,7,1,29
BRDA:35,8,0,39
BRDA:35,8,1,29
BRDA:46,9,0,2
BRDA:49,10,0,0
BRDA:49,10,1,5
BRDA:53,11,0,2
BRDA:53,11,1,3
BRDA:55,12,0,2
BRDA:55,12,1,0
BRDA:72,13,0,3
BRDA:72,13,1,8
BRDA:113,14,0,1
BRDA:113,14,1,15
BRDA:159,15,0,1
BRDA:159,15,1,0
BRF:30
BRH:27
end_of_record
TN:
SF:src\model\data\index.js
FNF:0
FNH:0
DA:3,4
LF:1
LH:1
BRDA:3,0,0,0
BRDA:3,0,1,4
BRF:2
BRH:1
end_of_record
TN:
SF:src\model\data\memory\index.js
FN:8,writeFragment
FN:16,readFragment
FN:25,writeFragmentData
FN:30,readFragmentData
FN:35,listFragments
FN:44,(anonymous_5)
FN:48,deleteFragment
FNF:7
FNH:7
FNDA:34,writeFragment
FNDA:14,readFragment
FNDA:17,writeFragmentData
FNDA:7,readFragmentData
FNDA:7,listFragments
FNDA:4,(anonymous_5)
FNDA:2,deleteFragment
DA:1,5
DA:4,5
DA:5,5
DA:11,34
DA:12,34
DA:20,14
DA:21,14
DA:26,17
DA:31,7
DA:36,7
DA:39,7
DA:40,2
DA:44,5
DA:49,2
DA:57,5
DA:58,5
DA:59,5
DA:60,5
DA:61,5
DA:62,5
LF:20
LH:20
BRDA:21,0,0,9
BRDA:21,0,1,5
BRDA:35,1,0,2
BRDA:39,2,0,2
BRDA:39,2,1,5
BRDA:39,3,0,7
BRDA:39,3,1,5
BRF:7
BRH:7
end_of_record
TN:
SF:src\model\data\memory\memory-db.js
FN:1,(anonymous_0)
FN:4,(anonymous_1)
FN:15,(anonymous_2)
FN:33,(anonymous_3)
FN:54,(anonymous_4)
FN:71,(anonymous_5)
FNF:6
FNH:6
FNDA:220,(anonymous_0)
FNDA:22,(anonymous_1)
FNDA:35,(anonymous_2)
FNDA:65,(anonymous_3)
FNDA:11,(anonymous_4)
FNDA:9,(anonymous_5)
DA:1,220
DA:6,22
DA:16,35
DA:17,3
DA:22,32
DA:23,32
DA:24,32
DA:34,65
DA:35,3
DA:40,62
DA:42,62
DA:44,62
DA:45,62
DA:55,11
DA:56,2
DA:60,9
DA:61,9
DA:62,9
DA:72,9
DA:73,3
DA:79,6
DA:80,1
DA:85,5
DA:86,5
DA:87,5
DA:91,6
LF:26
LH:26
BRDA:16,0,0,3
BRDA:16,0,1,32
BRDA:16,1,0,35
BRDA:16,1,1,32
BRDA:23,2,0,32
BRDA:23,2,1,29
BRDA:34,3,0,3
BRDA:34,3,1,62
BRDA:34,4,0,65
BRDA:34,4,1,62
BRDA:42,5,0,62
BRDA:42,5,1,21
BRDA:55,6,0,2
BRDA:55,6,1,9
BRDA:61,7,0,5
BRDA:61,7,1,4
BRDA:72,8,0,3
BRDA:72,8,1,6
BRDA:72,9,0,9
BRDA:72,9,1,6
BRDA:79,10,0,1
BRDA:79,10,1,5
BRF:22
BRH:22
end_of_record
TN:
SF:src\routes\index.js
FN:6,(anonymous_0)
FNF:1
FNH:1
FNDA:4,(anonymous_0)
DA:1,3
DA:2,3
DA:3,3
DA:4,3
DA:6,3
DA:7,4
DA:8,4
DA:17,3
DA:19,3
LF:9
LH:9
BRF:0
BRH:0
end_of_record
TN:
SF:src\routes\api\delete.js
FN:4,(anonymous_0)
FNF:1
FNH:0
FNDA:0,(anonymous_0)
DA:1,3
DA:2,3
DA:4,3
DA:5,0
DA:7,0
DA:10,0
DA:13,0
DA:15,0
DA:16,0
LF:9
LH:3
BRF:0
BRH:0
end_of_record
TN:
SF:src\routes\api\get.js
FN:12,(anonymous_0)
FN:35,(anonymous_1)
FN:51,(anonymous_2)
FNF:3
FNH:3
FNDA:2,(anonymous_0)
FNDA:2,(anonymous_1)
FNDA:4,(anonymous_2)
DA:3,3
DA:4,3
DA:5,3
DA:6,3
DA:7,3
DA:12,3
DA:13,2
DA:15,2
DA:16,2
DA:17,2
DA:18,2
DA:21,2
DA:23,2
DA:28,0
DA:35,3
DA:36,2
DA:37,2
DA:38,1
DA:43,1
DA:44,1
DA:51,3
DA:52,4
DA:56,4
DA:59,4
DA:62,3
DA:65,3
DA:67,2
DA:68,1
DA:69,1
DA:70,1
DA:74,1
DA:75,1
DA:76,0
DA:80,0
DA:81,0
DA:82,0
DA:83,0
DA:84,0
DA:85,0
DA:86,0
DA:87,0
DA:88,0
DA:89,0
DA:90,0
DA:91,0
DA:94,0
DA:95,0
DA:96,0
DA:99,0
DA:108,1
DA:115,1
DA:116,0
DA:117,0
DA:122,1
DA:129,1
DA:130,1
DA:131,1
DA:134,1
DA:135,1
LF:59
LH:39
BRDA:65,0,0,2
BRDA:65,0,1,1
BRDA:67,1,0,1
BRDA:67,1,1,1
BRDA:67,2,0,2
BRDA:67,2,1,1
BRDA:75,3,0,0
BRDA:75,3,1,1
BRDA:80,4,0,0
BRDA:80,4,1,0
BRDA:83,5,0,0
BRDA:83,5,1,0
BRDA:83,6,0,0
BRDA:83,6,1,0
BRDA:86,7,0,0
BRDA:86,7,1,0
BRDA:89,8,0,0
BRDA:89,8,1,0
BRDA:94,9,0,0
BRDA:94,9,1,0
BRDA:115,10,0,0
BRDA:115,10,1,1
BRF:22
BRH:8
end_of_record
TN:
SF:src\routes\api\index.js
FN:13,(anonymous_0)
FN:17,(anonymous_1)
FNF:2
FNH:2
FNDA:6,(anonymous_0)
FNDA:9,(anonymous_1)
DA:3,3
DA:4,3
DA:5,3
DA:6,3
DA:7,3
DA:8,3
DA:9,3
DA:11,3
DA:13,3
DA:14,6
DA:18,9
DA:19,9
DA:24,3
DA:27,3
DA:30,3
DA:33,3
DA:36,3
DA:39,3
DA:41,3
LF:19
LH:19
BRF:0
BRH:0
end_of_record
TN:
SF:src\routes\api\post.js
FN:6,(anonymous_0)
FNF:1
FNH:1
FNDA:9,(anonymous_0)
DA:3,3
DA:4,3
DA:6,3
DA:7,9
DA:8,9
DA:9,9
DA:10,9
DA:13,9
DA:14,9
DA:15,1
DA:16,1
DA:18,9
DA:21,9
DA:22,9
DA:24,9
DA:27,9
DA:28,1
DA:35,8
DA:42,8
DA:43,8
DA:44,8
DA:46,8
DA:47,8
DA:50,8
DA:51,8
DA:63,0
DA:64,0
LF:27
LH:25
BRDA:14,0,0,1
BRDA:14,0,1,8
BRDA:16,1,0,1
BRDA:16,1,1,1
BRDA:21,2,0,9
BRDA:21,2,1,0
BRDA:24,3,0,0
BRDA:24,3,1,9
BRDA:27,4,0,1
BRDA:27,4,1,8
BRF:10
BRH:8
end_of_record
TN:
SF:src\routes\api\put.js
FN:5,(anonymous_0)
FNF:1
FNH:0
FNDA:0,(anonymous_0)
DA:2,3
DA:3,3
DA:5,3
DA:6,0
DA:7,0
DA:10,0
DA:11,0
DA:12,0
DA:19,0
DA:23,0
DA:24,0
DA:26,0
DA:31,0
DA:32,0
LF:14
LH:3
BRDA:11,0,0,0
BRDA:11,0,1,0
BRF:2
BRH:0
end_of_record
